0 info it worked if it ends with ok
1 verbose cli [ '/Users/henry.gengiti/.nvm/versions/node/v5.3.0/bin/node',
1 verbose cli   '/Users/henry.gengiti/.nvm/versions/node/v5.3.0/bin/npm',
1 verbose cli   'publish' ]
2 info using npm@3.3.12
3 info using node@v5.3.0
4 verbose publish [ '.' ]
5 silly cache add args [ '.', null ]
6 verbose cache add spec .
7 silly cache add parsed spec Result {
7 silly cache add   raw: '.',
7 silly cache add   scope: null,
7 silly cache add   name: null,
7 silly cache add   rawSpec: '.',
7 silly cache add   spec: '/Users/henry.gengiti/gowedlock/angular_poc/ng_app/myapp/src/app/bs-breadcrumbs',
7 silly cache add   type: 'directory' }
8 verbose addLocalDirectory /Users/henry.gengiti/.npm/bs-breadcrumbs/1.0.0/package.tgz not in flight; packing
9 info lifecycle bs-breadcrumbs@1.0.0~prepublish: bs-breadcrumbs@1.0.0
10 silly lifecycle bs-breadcrumbs@1.0.0~prepublish: no script for prepublish, continuing
11 verbose tar pack [ '/Users/henry.gengiti/.npm/bs-breadcrumbs/1.0.0/package.tgz',
11 verbose tar pack   '/Users/henry.gengiti/gowedlock/angular_poc/ng_app/myapp/src/app/bs-breadcrumbs' ]
12 verbose tarball /Users/henry.gengiti/.npm/bs-breadcrumbs/1.0.0/package.tgz
13 verbose folder /Users/henry.gengiti/gowedlock/angular_poc/ng_app/myapp/src/app/bs-breadcrumbs
14 verbose addLocalTarball adding from inside cache /Users/henry.gengiti/.npm/bs-breadcrumbs/1.0.0/package.tgz
15 silly cache afterAdd bs-breadcrumbs@1.0.0
16 verbose afterAdd /Users/henry.gengiti/.npm/bs-breadcrumbs/1.0.0/package/package.json not in flight; writing
17 verbose afterAdd /Users/henry.gengiti/.npm/bs-breadcrumbs/1.0.0/package/package.json written
18 silly publish { name: 'bs-breadcrumbs',
18 silly publish   version: '1.0.0',
18 silly publish   description: 'bootstrap lib for breadcrumbs',
18 silly publish   scripts: { test: 'echo "Error: no test specified" && exit 1' },
18 silly publish   author: { name: 'Henry Gengiti', email: 'henry.hengiti@gmail.com' },
18 silly publish   license: 'ISC',
18 silly publish   peerDependencies: { '@angular/core': '^4.0.0', rxjs: '^5.0.1' },
18 silly publish   readme: 'ERROR: No README data found!',
18 silly publish   _id: 'bs-breadcrumbs@1.0.0',
18 silly publish   _shasum: '3578d890307248dadf1f465b13d2fecfa0725e81',
18 silly publish   _from: '.' }
19 verbose getPublishConfig undefined
20 silly mapToRegistry name bs-breadcrumbs
21 silly mapToRegistry using default registry
22 silly mapToRegistry registry https://registry.npmjs.org/
23 silly mapToRegistry uri https://registry.npmjs.org/bs-breadcrumbs
24 verbose publish registryBase https://registry.npmjs.org/
25 silly publish uploading /Users/henry.gengiti/.npm/bs-breadcrumbs/1.0.0/package.tgz
26 verbose request uri https://registry.npmjs.org/bs-breadcrumbs
27 verbose request sending authorization for write operation
28 info attempt registry request try #1 at 9:42:34 PM
29 verbose request using bearer token for auth
30 verbose request id d8bc847b55109262
31 http request PUT https://registry.npmjs.org/bs-breadcrumbs
32 http 403 https://registry.npmjs.org/bs-breadcrumbs
33 verbose headers { 'content-type': 'application/json',
33 verbose headers   'cache-control': 'max-age=300',
33 verbose headers   'content-length': '104',
33 verbose headers   'accept-ranges': 'bytes',
33 verbose headers   date: 'Wed, 20 Sep 2017 01:42:34 GMT',
33 verbose headers   via: '1.1 varnish',
33 verbose headers   connection: 'keep-alive',
33 verbose headers   'x-served-by': 'cache-iad2149-IAD',
33 verbose headers   'x-cache': 'MISS',
33 verbose headers   'x-cache-hits': '0',
33 verbose headers   'x-timer': 'S1505871755.660740,VS0,VE215',
33 verbose headers   vary: 'Accept-Encoding, Accept' }
34 verbose request invalidating /Users/henry.gengiti/.npm/registry.npmjs.org/bs-breadcrumbs on PUT
35 error publish Failed PUT 403
36 verbose stack Error: you must verify your email before publishing a new package: https://www.npmjs.com/email-edit : bs-breadcrumbs
36 verbose stack     at makeError (/Users/henry.gengiti/.nvm/versions/node/v5.3.0/lib/node_modules/npm/node_modules/npm-registry-client/lib/request.js:264:12)
36 verbose stack     at CachingRegistryClient.<anonymous> (/Users/henry.gengiti/.nvm/versions/node/v5.3.0/lib/node_modules/npm/node_modules/npm-registry-client/lib/request.js:252:14)
36 verbose stack     at Request._callback (/Users/henry.gengiti/.nvm/versions/node/v5.3.0/lib/node_modules/npm/node_modules/npm-registry-client/lib/request.js:172:14)
36 verbose stack     at Request.self.callback (/Users/henry.gengiti/.nvm/versions/node/v5.3.0/lib/node_modules/npm/node_modules/request/request.js:198:22)
36 verbose stack     at emitTwo (events.js:87:13)
36 verbose stack     at Request.emit (events.js:172:7)
36 verbose stack     at Request.<anonymous> (/Users/henry.gengiti/.nvm/versions/node/v5.3.0/lib/node_modules/npm/node_modules/request/request.js:1082:10)
36 verbose stack     at emitOne (events.js:82:20)
36 verbose stack     at Request.emit (events.js:169:7)
36 verbose stack     at IncomingMessage.<anonymous> (/Users/henry.gengiti/.nvm/versions/node/v5.3.0/lib/node_modules/npm/node_modules/request/request.js:1009:12)
37 verbose statusCode 403
38 verbose pkgid bs-breadcrumbs
39 verbose cwd /Users/henry.gengiti/gowedlock/angular_poc/ng_app/myapp/src/app/bs-breadcrumbs
40 error Darwin 16.7.0
41 error argv "/Users/henry.gengiti/.nvm/versions/node/v5.3.0/bin/node" "/Users/henry.gengiti/.nvm/versions/node/v5.3.0/bin/npm" "publish"
42 error node v5.3.0
43 error npm  v3.3.12
44 error code E403
45 error you must verify your email before publishing a new package: https://www.npmjs.com/email-edit : bs-breadcrumbs
46 error If you need help, you may report this error at:
46 error     <https://github.com/npm/npm/issues>
47 verbose exit [ 1, true ]
